Stage vsw_run-LIGPREP initializing...

Running stage: vsw_run-LIGPREP
SCHRODINGER: /opt/schrodinger2023-4
PYTHONPATH: 
Job ID: dellt7920-0-673c15f1
Time: Tue Nov 19 12:37:06 2024
Stage started successfully

Python version: 83132
Counting number of input structures
Number of input structures: 22
Adjusting number of jobs to yield 2000-20000 ligands per job
Each input structure will be treated as a unique compound.
Separating ligands into 1 subjobs (22 max ligands per job).
Not mixing ligands

Recombining ligand files...

22 structures were successfully read.

Using built-in tautomer spec file
Will generate new variants (expand)
Running LigPrep jobs...

Running subjobs on hosts:
  Not available yet
Number of jobs:       1
Max retries per job:  2
Max allowed failures: unlimited
Verbosity:            normal

Starting JobDJ...

WARNING: Can't use smart distribution, as host list is empty
Keep one job on driver host: False
Smart license checking: True
JobDJ columns:
  C: Number of completed subjobs
  A: Number of active subjobs (e.g., submitted, running)
  W: Number of waiting/pending subjobs

C A W | Activity  JobId  JobName  JobHost
- - - | --------- -----------------------
Waiting for available processors to use...
0 1 0 | launched  dellt7920-0-673c15f6 vsw_run-LIGPREP-001 localhost [dellt7920]
1 0 0 | finished  dellt7920-0-673c15f6 vsw_run-LIGPREP-001 localhost [dellt7920]

All jobs have completed.

1 of 1 job(s) succeeded; 0 job(s) failed.

Checking subjob outputs...
Cleaning up...

STAGE COMPLETED. Elapsed time: 9 seconds

    Output #1 (vsw_run-LIGPREP_OUT) [structures]:
      vsw_run-LIGPREP_OUT-001.maegz
Moving vsw_run-LIGPREP_OUT-001.maegz to /opt/jupyter/molmod/DGMM_github/DGMM/dock_comp/schrodinger_run/schrodinger_SP/run_0/vsw_run-LIGPREP_OUT-001.maegz
Done.
